2015-09-09 23:06:29 : SQL error: You have an error in your SQL syntax; check the manual that corresponds to your MariaDB server version for the right syntax to use near 'ORDER BY week ASC, screenname ASC' at line 14 - Error doing select to db Unable to get member weekly stat information.
2015-09-09 23:06:29 : SQL: SELECT M.screenname as screenname,
   M.id as memberid,
   M.membername as membername,
   MS.losses as losses,
   MS.wins as wins,
   MS.ties as ties,
   MS.week as week,
   DATE_FORMAT(GW.weekstart,'%b %D') as weekstart,
   DATE_FORMAT(GW.weekend,'%b %D') as weekend
FROM membertbl M
LEFT JOIN memberweekstatstbl MS on M.id = MS.memberid
LEFT JOIN gameweekstbl GW on MS.week = GW.week AND MS.season = GW.season
WHERE MS.season = 
ORDER BY week ASC, screenname ASC
2015-09-09 23:07:10 : SQL error: You have an error in your SQL syntax; check the manual that corresponds to your MariaDB server version for the right syntax to use near 'ORDER BY week ASC, screenname ASC' at line 14 - Error doing select to db Unable to get member weekly stat information.
2015-09-09 23:07:10 : SQL: SELECT M.screenname as screenname,
   M.id as memberid,
   M.membername as membername,
   MS.losses as losses,
   MS.wins as wins,
   MS.ties as ties,
   MS.week as week,
   DATE_FORMAT(GW.weekstart,'%b %D') as weekstart,
   DATE_FORMAT(GW.weekend,'%b %D') as weekend
FROM membertbl M
LEFT JOIN memberweekstatstbl MS on M.id = MS.memberid
LEFT JOIN gameweekstbl GW on MS.week = GW.week AND MS.season = GW.season
WHERE MS.season = 
ORDER BY week ASC, screenname ASC
2015-09-09 23:07:14 : SQL error: You have an error in your SQL syntax; check the manual that corresponds to your MariaDB server version for the right syntax to use near 'ORDER BY week ASC, screenname ASC' at line 14 - Error doing select to db Unable to get member weekly stat information.
2015-09-09 23:07:14 : SQL: SELECT M.screenname as screenname,
   M.id as memberid,
   M.membername as membername,
   MS.losses as losses,
   MS.wins as wins,
   MS.ties as ties,
   MS.week as week,
   DATE_FORMAT(GW.weekstart,'%b %D') as weekstart,
   DATE_FORMAT(GW.weekend,'%b %D') as weekend
FROM membertbl M
LEFT JOIN memberweekstatstbl MS on M.id = MS.memberid
LEFT JOIN gameweekstbl GW on MS.week = GW.week AND MS.season = GW.season
WHERE MS.season = 
ORDER BY week ASC, screenname ASC
2015-09-09 23:07:34 : SQL error: You have an error in your SQL syntax; check the manual that corresponds to your MariaDB server version for the right syntax to use near 'ORDER BY week ASC, screenname ASC' at line 14 - Error doing select to db Unable to get member weekly stat information.
2015-09-09 23:07:34 : SQL: SELECT M.screenname as screenname,
   M.id as memberid,
   M.membername as membername,
   MS.losses as losses,
   MS.wins as wins,
   MS.ties as ties,
   MS.week as week,
   DATE_FORMAT(GW.weekstart,'%b %D') as weekstart,
   DATE_FORMAT(GW.weekend,'%b %D') as weekend
FROM membertbl M
LEFT JOIN memberweekstatstbl MS on M.id = MS.memberid
LEFT JOIN gameweekstbl GW on MS.week = GW.week AND MS.season = GW.season
WHERE MS.season = 
ORDER BY week ASC, screenname ASC
2015-09-09 23:09:01 : SQL error: You have an error in your SQL syntax; check the manual that corresponds to your MariaDB server version for the right syntax to use near 'ORDER BY week ASC, screenname ASC' at line 14 - Error doing select to db Unable to get member weekly stat information.
2015-09-09 23:09:01 : SQL: SELECT M.screenname as screenname,
   M.id as memberid,
   M.membername as membername,
   MS.losses as losses,
   MS.wins as wins,
   MS.ties as ties,
   MS.week as week,
   DATE_FORMAT(GW.weekstart,'%b %D') as weekstart,
   DATE_FORMAT(GW.weekend,'%b %D') as weekend
FROM membertbl M
LEFT JOIN memberweekstatstbl MS on M.id = MS.memberid
LEFT JOIN gameweekstbl GW on MS.week = GW.week AND MS.season = GW.season
WHERE MS.season = 
ORDER BY week ASC, screenname ASC
2015-09-09 23:10:17 : SQL error: You have an error in your SQL syntax; check the manual that corresponds to your MariaDB server version for the right syntax to use near 'ORDER BY week ASC, screenname ASC' at line 14 - Error doing select to db Unable to get member weekly stat information.
2015-09-09 23:10:17 : SQL: SELECT M.screenname as screenname,
   M.id as memberid,
   M.membername as membername,
   MS.losses as losses,
   MS.wins as wins,
   MS.ties as ties,
   MS.week as week,
   DATE_FORMAT(GW.weekstart,'%b %D') as weekstart,
   DATE_FORMAT(GW.weekend,'%b %D') as weekend
FROM membertbl M
LEFT JOIN memberweekstatstbl MS on M.id = MS.memberid
LEFT JOIN gameweekstbl GW on MS.week = GW.week AND MS.season = GW.season
WHERE MS.season = 
ORDER BY week ASC, screenname ASC
2015-09-09 23:10:35 : SQL error: You have an error in your SQL syntax; check the manual that corresponds to your MariaDB server version for the right syntax to use near 'ORDER BY week ASC, screenname ASC' at line 14 - Error doing select to db Unable to get member weekly stat information.
2015-09-09 23:10:35 : SQL: SELECT M.screenname as screenname,
   M.id as memberid,
   M.membername as membername,
   MS.losses as losses,
   MS.wins as wins,
   MS.ties as ties,
   MS.week as week,
   DATE_FORMAT(GW.weekstart,'%b %D') as weekstart,
   DATE_FORMAT(GW.weekend,'%b %D') as weekend
FROM membertbl M
LEFT JOIN memberweekstatstbl MS on M.id = MS.memberid
LEFT JOIN gameweekstbl GW on MS.week = GW.week AND MS.season = GW.season
WHERE MS.season = 
ORDER BY week ASC, screenname ASC
2015-09-09 23:11:10 : SQL error: You have an error in your SQL syntax; check the manual that corresponds to your MariaDB server version for the right syntax to use near 'ORDER BY week ASC, screenname ASC' at line 14 - Error doing select to db Unable to get member weekly stat information.
2015-09-09 23:11:10 : SQL: SELECT M.screenname as screenname,
   M.id as memberid,
   M.membername as membername,
   MS.losses as losses,
   MS.wins as wins,
   MS.ties as ties,
   MS.week as week,
   DATE_FORMAT(GW.weekstart,'%b %D') as weekstart,
   DATE_FORMAT(GW.weekend,'%b %D') as weekend
FROM membertbl M
LEFT JOIN memberweekstatstbl MS on M.id = MS.memberid
LEFT JOIN gameweekstbl GW on MS.week = GW.week AND MS.season = GW.season
WHERE MS.season = 
ORDER BY week ASC, screenname ASC
2015-09-09 23:12:46 : SQL error: You have an error in your SQL syntax; check the manual that corresponds to your MariaDB server version for the right syntax to use near 'ORDER BY week ASC, screenname ASC' at line 14 - Error doing select to db Unable to get member weekly stat information.
2015-09-09 23:12:46 : SQL: SELECT M.screenname as screenname,
   M.id as memberid,
   M.membername as membername,
   MS.losses as losses,
   MS.wins as wins,
   MS.ties as ties,
   MS.week as week,
   DATE_FORMAT(GW.weekstart,'%b %D') as weekstart,
   DATE_FORMAT(GW.weekend,'%b %D') as weekend
FROM membertbl M
LEFT JOIN memberweekstatstbl MS on M.id = MS.memberid
LEFT JOIN gameweekstbl GW on MS.week = GW.week AND MS.season = GW.season
WHERE MS.season = 
ORDER BY week ASC, screenname ASC
2015-09-10 15:27:15 : SQL error: You have an error in your SQL syntax; check the manual that corresponds to your MariaDB server version for the right syntax to use near 'ORDER BY week ASC, screenname ASC' at line 14 - Error doing select to db Unable to get member weekly stat information.
2015-09-10 15:27:15 : SQL: SELECT M.screenname as screenname,
   M.id as memberid,
   M.membername as membername,
   MS.losses as losses,
   MS.wins as wins,
   MS.ties as ties,
   MS.week as week,
   DATE_FORMAT(GW.weekstart,'%b %D') as weekstart,
   DATE_FORMAT(GW.weekend,'%b %D') as weekend
FROM membertbl M
LEFT JOIN memberweekstatstbl MS on M.id = MS.memberid
LEFT JOIN gameweekstbl GW on MS.week = GW.week AND MS.season = GW.season
WHERE MS.season = 
ORDER BY week ASC, screenname ASC
2015-09-11 17:25:28 : SQL error: You have an error in your SQL syntax; check the manual that corresponds to your MariaDB server version for the right syntax to use near '(
			 SET season='2015', week='1', 
			 gamenbr='1', memberid='1', 
			 teamid='' at line 2 - Error doing update to db Unable to add member game pick for ddd member 1.
2015-09-11 17:25:28 : SQL: UPDATE memberpickstbl
			(
			 SET season='2015', week='1', 
			 gamenbr='1', memberid='1', 
			 teamid='4', enterdate='2015-09-11 17:25:28'
			 )
			 WHERE memberid = 1 AND season = 2015 AND week = 1 AND gamenbr = 1
2015-09-11 17:27:31 : SQL error: You have an error in your SQL syntax; check the manual that corresponds to your MariaDB server version for the right syntax to use near '(
			 SET season='2015', week='1', 
			 gamenbr='1', memberid='1', 
			 teamid='' at line 2 - Error doing update to db Unable to add member game pick for ddd member 1.
2015-09-11 17:27:31 : SQL: UPDATE memberpickstbl
			(
			 SET season='2015', week='1', 
			 gamenbr='1', memberid='1', 
			 teamid='4', enterdate='2015-09-11 17:27:31'
			 )
			 WHERE memberid = 1 AND season = 2015 AND week = 1 AND gamenbr = 1
2015-09-11 17:29:19 : SQL error: You have an error in your SQL syntax; check the manual that corresponds to your MariaDB server version for the right syntax to use near '(
			 SET season='2015', week='1', 
			 gamenbr='1', memberid='1', 
			 teamid='' at line 2 - Error doing update to db Unable to add member game pick for ddd member 1.
2015-09-11 17:29:19 : SQL: UPDATE memberpickstbl
			(
			 SET season='2015', week='1', 
			 gamenbr='1', memberid='1', 
			 teamid='4', enterdate='2015-09-11 17:29:19'
			 )
			 WHERE memberid = 1 AND season = 2015 AND week = 1 AND gamenbr = 1
2015-09-11 23:21:24 : SQL error: Column 'week' in where clause is ambiguous - Error doing select to db Unable to get member weekly stat information.
2015-09-11 23:21:24 : SQL: SELECT M.screenname as screenname,
   M.id as memberid,
   M.membername as membername,
   M.avatar as memberavatar,   
   MS.losses as losses,
   MS.wins as wins,
   MS.ties as ties,
   MS.week as week,
   DATE_FORMAT(GW.weekstart,'%b %D') as weekstart,
   DATE_FORMAT(GW.weekend,'%b %D') as weekend
FROM membertbl M
LEFT JOIN memberweekstatstbl MS on M.id = MS.memberid
LEFT JOIN gameweekstbl GW on MS.week = GW.week AND MS.season = GW.season
WHERE MS.season = 2015 AND week = 1
ORDER BY screenname ASC
2015-09-11 23:21:43 : SQL error: You have an error in your SQL syntax; check the manual that corresponds to your MariaDB server version for the right syntax to use near 'AND week = 
ORDER BY screenname ASC' at line 14 - Error doing select to db Unable to get member weekly stat information.
2015-09-11 23:21:43 : SQL: SELECT M.screenname as screenname,
   M.id as memberid,
   M.membername as membername,
   M.avatar as memberavatar,   
   MS.losses as losses,
   MS.wins as wins,
   MS.ties as ties,
   MS.week as week,
   DATE_FORMAT(GW.weekstart,'%b %D') as weekstart,
   DATE_FORMAT(GW.weekend,'%b %D') as weekend
FROM membertbl M
LEFT JOIN memberweekstatstbl MS on M.id = MS.memberid
LEFT JOIN gameweekstbl GW on MS.week = GW.week AND MS.season = GW.season
WHERE MS.season =  AND week = 
ORDER BY screenname ASC
2015-09-11 23:21:46 : SQL error: You have an error in your SQL syntax; check the manual that corresponds to your MariaDB server version for the right syntax to use near 'AND week = 
ORDER BY screenname ASC' at line 14 - Error doing select to db Unable to get member weekly stat information.
2015-09-11 23:21:46 : SQL: SELECT M.screenname as screenname,
   M.id as memberid,
   M.membername as membername,
   M.avatar as memberavatar,   
   MS.losses as losses,
   MS.wins as wins,
   MS.ties as ties,
   MS.week as week,
   DATE_FORMAT(GW.weekstart,'%b %D') as weekstart,
   DATE_FORMAT(GW.weekend,'%b %D') as weekend
FROM membertbl M
LEFT JOIN memberweekstatstbl MS on M.id = MS.memberid
LEFT JOIN gameweekstbl GW on MS.week = GW.week AND MS.season = GW.season
WHERE MS.season =  AND week = 
ORDER BY screenname ASC
2015-09-11 23:27:27 : SQL error: You have an error in your SQL syntax; check the manual that corresponds to your MariaDB server version for the right syntax to use near 'AND week = 
ORDER BY screenname ASC' at line 14 - Error doing select to db Unable to get member weekly stat information.
2015-09-11 23:27:27 : SQL: SELECT M.screenname as screenname,
   M.id as memberid,
   M.membername as membername,
   M.avatar as memberavatar,   
   MS.losses as losses,
   MS.wins as wins,
   MS.ties as ties,
   MS.week as week,
   DATE_FORMAT(GW.weekstart,'%b %D') as weekstart,
   DATE_FORMAT(GW.weekend,'%b %D') as weekend
FROM membertbl M
LEFT JOIN memberweekstatstbl MS on M.id = MS.memberid
LEFT JOIN gameweekstbl GW on MS.week = GW.week AND MS.season = GW.season
WHERE MS.season =  AND week = 
ORDER BY screenname ASC
2015-09-11 23:30:44 : SQL error: You have an error in your SQL syntax; check the manual that corresponds to your MariaDB server version for the right syntax to use near 'AND MS.week = 
ORDER BY screenname ASC' at line 14 - Error doing select to db Unable to get member weekly stat information.
2015-09-11 23:30:44 : SQL: SELECT M.screenname as screenname,
   M.id as memberid,
   M.membername as membername,
   M.avatar as memberavatar,   
   MS.losses as losses,
   MS.wins as wins,
   MS.ties as ties,
   MS.week as week,
   DATE_FORMAT(GW.weekstart,'%b %D') as weekstart,
   DATE_FORMAT(GW.weekend,'%b %D') as weekend
FROM membertbl M
LEFT JOIN memberweekstatstbl MS on M.id = MS.memberid
LEFT JOIN gameweekstbl GW on MS.week = GW.week AND MS.season = GW.season
WHERE MS.season =  AND MS.week = 
ORDER BY screenname ASC
2015-09-11 23:30:48 : SQL error: You have an error in your SQL syntax; check the manual that corresponds to your MariaDB server version for the right syntax to use near 'AND MS.week = 
ORDER BY screenname ASC' at line 14 - Error doing select to db Unable to get member weekly stat information.
2015-09-11 23:30:48 : SQL: SELECT M.screenname as screenname,
   M.id as memberid,
   M.membername as membername,
   M.avatar as memberavatar,   
   MS.losses as losses,
   MS.wins as wins,
   MS.ties as ties,
   MS.week as week,
   DATE_FORMAT(GW.weekstart,'%b %D') as weekstart,
   DATE_FORMAT(GW.weekend,'%b %D') as weekend
FROM membertbl M
LEFT JOIN memberweekstatstbl MS on M.id = MS.memberid
LEFT JOIN gameweekstbl GW on MS.week = GW.week AND MS.season = GW.season
WHERE MS.season =  AND MS.week = 
ORDER BY screenname ASC
2015-09-11 23:30:52 : SQL error: You have an error in your SQL syntax; check the manual that corresponds to your MariaDB server version for the right syntax to use near 'AND MS.week = 
ORDER BY screenname ASC' at line 14 - Error doing select to db Unable to get member weekly stat information.
2015-09-11 23:30:52 : SQL: SELECT M.screenname as screenname,
   M.id as memberid,
   M.membername as membername,
   M.avatar as memberavatar,   
   MS.losses as losses,
   MS.wins as wins,
   MS.ties as ties,
   MS.week as week,
   DATE_FORMAT(GW.weekstart,'%b %D') as weekstart,
   DATE_FORMAT(GW.weekend,'%b %D') as weekend
FROM membertbl M
LEFT JOIN memberweekstatstbl MS on M.id = MS.memberid
LEFT JOIN gameweekstbl GW on MS.week = GW.week AND MS.season = GW.season
WHERE MS.season =  AND MS.week = 
ORDER BY screenname ASC
2015-09-11 23:31:01 : SQL error: You have an error in your SQL syntax; check the manual that corresponds to your MariaDB server version for the right syntax to use near 'AND MS.week = 
ORDER BY screenname ASC' at line 14 - Error doing select to db Unable to get member weekly stat information.
2015-09-11 23:31:01 : SQL: SELECT M.screenname as screenname,
   M.id as memberid,
   M.membername as membername,
   M.avatar as memberavatar,   
   MS.losses as losses,
   MS.wins as wins,
   MS.ties as ties,
   MS.week as week,
   DATE_FORMAT(GW.weekstart,'%b %D') as weekstart,
   DATE_FORMAT(GW.weekend,'%b %D') as weekend
FROM membertbl M
LEFT JOIN memberweekstatstbl MS on M.id = MS.memberid
LEFT JOIN gameweekstbl GW on MS.week = GW.week AND MS.season = GW.season
WHERE MS.season =  AND MS.week = 
ORDER BY screenname ASC
2015-09-11 23:31:03 : SQL error: You have an error in your SQL syntax; check the manual that corresponds to your MariaDB server version for the right syntax to use near 'AND MS.week = 
ORDER BY screenname ASC' at line 14 - Error doing select to db Unable to get member weekly stat information.
2015-09-11 23:31:03 : SQL: SELECT M.screenname as screenname,
   M.id as memberid,
   M.membername as membername,
   M.avatar as memberavatar,   
   MS.losses as losses,
   MS.wins as wins,
   MS.ties as ties,
   MS.week as week,
   DATE_FORMAT(GW.weekstart,'%b %D') as weekstart,
   DATE_FORMAT(GW.weekend,'%b %D') as weekend
FROM membertbl M
LEFT JOIN memberweekstatstbl MS on M.id = MS.memberid
LEFT JOIN gameweekstbl GW on MS.week = GW.week AND MS.season = GW.season
WHERE MS.season =  AND MS.week = 
ORDER BY screenname ASC
2015-09-11 23:39:10 : SQL error: You have an error in your SQL syntax; check the manual that corresponds to your MariaDB server version for the right syntax to use near 'AND MS.week = 
ORDER BY screenname ASC' at line 14 - Error doing select to db Unable to get member weekly stat information.
2015-09-11 23:39:10 : SQL: SELECT M.screenname as screenname,
   M.id as memberid,
   M.membername as membername,
   M.avatar as memberavatar,   
   MS.losses as losses,
   MS.wins as wins,
   MS.ties as ties,
   MS.week as week,
   DATE_FORMAT(GW.weekstart,'%b %D') as weekstart,
   DATE_FORMAT(GW.weekend,'%b %D') as weekend
FROM membertbl M
LEFT JOIN memberweekstatstbl MS on M.id = MS.memberid
LEFT JOIN gameweekstbl GW on MS.week = GW.week AND MS.season = GW.season
WHERE MS.season =  AND MS.week = 
ORDER BY screenname ASC
2015-09-11 23:39:13 : SQL error: You have an error in your SQL syntax; check the manual that corresponds to your MariaDB server version for the right syntax to use near 'AND MS.week = 
ORDER BY screenname ASC' at line 14 - Error doing select to db Unable to get member weekly stat information.
2015-09-11 23:39:13 : SQL: SELECT M.screenname as screenname,
   M.id as memberid,
   M.membername as membername,
   M.avatar as memberavatar,   
   MS.losses as losses,
   MS.wins as wins,
   MS.ties as ties,
   MS.week as week,
   DATE_FORMAT(GW.weekstart,'%b %D') as weekstart,
   DATE_FORMAT(GW.weekend,'%b %D') as weekend
FROM membertbl M
LEFT JOIN memberweekstatstbl MS on M.id = MS.memberid
LEFT JOIN gameweekstbl GW on MS.week = GW.week AND MS.season = GW.season
WHERE MS.season =  AND MS.week = 
ORDER BY screenname ASC
2015-09-11 23:39:15 : SQL error: You have an error in your SQL syntax; check the manual that corresponds to your MariaDB server version for the right syntax to use near 'AND MS.week = 
ORDER BY screenname ASC' at line 14 - Error doing select to db Unable to get member weekly stat information.
2015-09-11 23:39:15 : SQL: SELECT M.screenname as screenname,
   M.id as memberid,
   M.membername as membername,
   M.avatar as memberavatar,   
   MS.losses as losses,
   MS.wins as wins,
   MS.ties as ties,
   MS.week as week,
   DATE_FORMAT(GW.weekstart,'%b %D') as weekstart,
   DATE_FORMAT(GW.weekend,'%b %D') as weekend
FROM membertbl M
LEFT JOIN memberweekstatstbl MS on M.id = MS.memberid
LEFT JOIN gameweekstbl GW on MS.week = GW.week AND MS.season = GW.season
WHERE MS.season =  AND MS.week = 
ORDER BY screenname ASC
2015-09-12 01:20:22 : SQL error: You have an error in your SQL syntax; check the manual that corresponds to your MariaDB server version for the right syntax to use near 'weekstart <= now() AND weekend >= now()' at line 2 - Error doing select to db Unable to get current season week.
2015-09-12 01:20:22 : SQL: SELECT season, week from gameweekstbl 
WWHERE weekstart <= now() AND weekend >= now()
2015-09-12 01:20:35 : SQL error: You have an error in your SQL syntax; check the manual that corresponds to your MariaDB server version for the right syntax to use near 'weekstart <= now() AND weekend >= now()' at line 2 - Error doing select to db Unable to get current season week.
2015-09-12 01:20:35 : SQL: SELECT season, week from gameweekstbl 
WWHERE weekstart <= now() AND weekend >= now()
2015-09-12 01:21:19 : SQL error: You have an error in your SQL syntax; check the manual that corresponds to your MariaDB server version for the right syntax to use near 'weekstart <= now() AND weekend >= now()' at line 2 - Error doing select to db Unable to get current season week.
2015-09-12 01:21:19 : SQL: SELECT season, week from gameweekstbl 
WWHERE weekstart <= now() AND weekend >= now()
2015-09-12 01:21:28 : SQL error: You have an error in your SQL syntax; check the manual that corresponds to your MariaDB server version for the right syntax to use near 'weekstart <= now() AND weekend >= now()' at line 2 - Error doing select to db Unable to get current season week.
2015-09-12 01:21:28 : SQL: SELECT season, week from gameweekstbl 
WWHERE weekstart <= now() AND weekend >= now()
2015-09-12 01:21:38 : SQL error: You have an error in your SQL syntax; check the manual that corresponds to your MariaDB server version for the right syntax to use near 'weekstart <= now() AND weekend >= now()' at line 2 - Error doing select to db Unable to get current season week.
2015-09-12 01:21:38 : SQL: SELECT season, week from gameweekstbl 
WWHERE weekstart <= now() AND weekend >= now()
2015-09-12 01:27:08 : SQL error: You have an error in your SQL syntax; check the manual that corresponds to your MariaDB server version for the right syntax to use near 'weekstart <= now() AND weekend >= now()' at line 2 - Error doing select to db Unable to get current season week.
2015-09-12 01:27:08 : SQL: SELECT season, week from gameweekstbl 
WWHERE weekstart <= now() AND weekend >= now()
2015-09-12 01:27:39 : SQL error: You have an error in your SQL syntax; check the manual that corresponds to your MariaDB server version for the right syntax to use near 'weekstart <= now() AND weekend >= now()' at line 2 - Error doing select to db Unable to get current season week.
2015-09-12 01:27:39 : SQL: SELECT season, week from gameweekstbl 
WWHERE weekstart <= now() AND weekend >= now()
2015-09-12 01:28:16 : SQL error: You have an error in your SQL syntax; check the manual that corresponds to your MariaDB server version for the right syntax to use near 'weekstart <= now() AND weekend >= now()' at line 2 - Error doing select to db Unable to get current season week.
2015-09-12 01:28:16 : SQL: SELECT season, week from gameweekstbl 
WWHERE weekstart <= now() AND weekend >= now()
2015-09-12 01:39:04 : SQL error: You have an error in your SQL syntax; check the manual that corresponds to your MariaDB server version for the right syntax to use near 'weekstart <= now() AND weekend >= now()' at line 2 - Error doing select to db Unable to get current season week.
2015-09-12 01:39:04 : SQL: SELECT season, week from gameweekstbl 
WWHERE weekstart <= now() AND weekend >= now()
2015-09-12 01:39:17 : SQL error: You have an error in your SQL syntax; check the manual that corresponds to your MariaDB server version for the right syntax to use near 'weekstart <= now() AND weekend >= now()' at line 2 - Error doing select to db Unable to get current season week.
2015-09-12 01:39:17 : SQL: SELECT season, week from gameweekstbl 
WWHERE weekstart <= now() AND weekend >= now()
2015-09-12 01:40:31 : SQL error: You have an error in your SQL syntax; check the manual that corresponds to your MariaDB server version for the right syntax to use near 'weekstart <= now() AND weekend >= now()' at line 2 - Error doing select to db Unable to get current season week.
2015-09-12 01:40:31 : SQL: SELECT season, week from gameweekstbl 
WWHERE weekstart <= now() AND weekend >= now()
2015-09-12 01:51:30 : SQL error: You have an error in your SQL syntax; check the manual that corresponds to your MariaDB server version for the right syntax to use near 'weekstart <= now() AND weekend >= now()' at line 2 - Error doing select to db Unable to get current season week.
2015-09-12 01:51:30 : SQL: SELECT season, week from gameweekstbl 
WWHERE weekstart <= now() AND weekend >= now()
2015-09-12 01:54:45 : SQL error: You have an error in your SQL syntax; check the manual that corresponds to your MariaDB server version for the right syntax to use near 'weekstart <= now() AND weekend >= now()' at line 2 - Error doing select to db Unable to get current season week.
2015-09-12 01:54:45 : SQL: SELECT season, week from gameweekstbl 
WWHERE weekstart <= now() AND weekend >= now()
2015-09-12 01:54:51 : SQL error: You have an error in your SQL syntax; check the manual that corresponds to your MariaDB server version for the right syntax to use near 'weekstart <= now() AND weekend >= now()' at line 2 - Error doing select to db Unable to get current season week.
2015-09-12 01:54:51 : SQL: SELECT season, week from gameweekstbl 
WWHERE weekstart <= now() AND weekend >= now()
2015-09-12 01:55:08 : SQL error: You have an error in your SQL syntax; check the manual that corresponds to your MariaDB server version for the right syntax to use near 'weekstart <= now() AND weekend >= now()' at line 2 - Error doing select to db Unable to get current season week.
2015-09-12 01:55:08 : SQL: SELECT season, week from gameweekstbl 
WWHERE weekstart <= now() AND weekend >= now()
2015-09-12 01:58:12 : SQL error: You have an error in your SQL syntax; check the manual that corresponds to your MariaDB server version for the right syntax to use near 'weekstart <= now() AND weekend >= now()' at line 2 - Error doing select to db Unable to get current season week.
2015-09-12 01:58:12 : SQL: SELECT season, week from gameweekstbl 
WWHERE weekstart <= now() AND weekend >= now()
2015-09-12 01:59:37 : SQL error: You have an error in your SQL syntax; check the manual that corresponds to your MariaDB server version for the right syntax to use near 'weekstart <= now() AND weekend >= now()' at line 2 - Error doing select to db Unable to get current season week.
2015-09-12 01:59:37 : SQL: SELECT season, week from gameweekstbl 
WWHERE weekstart <= now() AND weekend >= now()
2015-09-12 02:49:51 : SQL error: You have an error in your SQL syntax; check the manual that corresponds to your MariaDB server version for the right syntax to use near 'weekstart <= now() AND weekend >= now()' at line 2 - Error doing select to db Unable to get current season week.
2015-09-12 02:49:51 : SQL: SELECT season, week from gameweekstbl 
WWHERE weekstart <= now() AND weekend >= now()
2015-09-12 02:49:56 : SQL error: You have an error in your SQL syntax; check the manual that corresponds to your MariaDB server version for the right syntax to use near 'weekstart <= now() AND weekend >= now()' at line 2 - Error doing select to db Unable to get current season week.
2015-09-12 02:49:56 : SQL: SELECT season, week from gameweekstbl 
WWHERE weekstart <= now() AND weekend >= now()
2015-09-12 02:52:46 : SQL error: You have an error in your SQL syntax; check the manual that corresponds to your MariaDB server version for the right syntax to use near 'weekstart <= now() AND weekend >= now()' at line 2 - Error doing select to db Unable to get current season week.
2015-09-12 02:52:46 : SQL: SELECT season, week from gameweekstbl 
WWHERE weekstart <= now() AND weekend >= now()
2015-09-12 02:59:40 : SQL error: You have an error in your SQL syntax; check the manual that corresponds to your MariaDB server version for the right syntax to use near 'weekstart <= now() AND weekend >= now()' at line 2 - Error doing select to db Unable to get current season week.
2015-09-12 02:59:40 : SQL: SELECT season, week from gameweekstbl 
WWHERE weekstart <= now() AND weekend >= now()
2015-09-12 02:59:51 : SQL error: You have an error in your SQL syntax; check the manual that corresponds to your MariaDB server version for the right syntax to use near 'weekstart <= now() AND weekend >= now()' at line 2 - Error doing select to db Unable to get current season week.
2015-09-12 02:59:51 : SQL: SELECT season, week from gameweekstbl 
WWHERE weekstart <= now() AND weekend >= now()
2015-09-12 03:00:03 : SQL error: You have an error in your SQL syntax; check the manual that corresponds to your MariaDB server version for the right syntax to use near 'weekstart <= now() AND weekend >= now()' at line 2 - Error doing select to db Unable to get current season week.
2015-09-12 03:00:03 : SQL: SELECT season, week from gameweekstbl 
WWHERE weekstart <= now() AND weekend >= now()
2015-09-12 03:06:40 : SQL error: You have an error in your SQL syntax; check the manual that corresponds to your MariaDB server version for the right syntax to use near 'weekstart <= now() AND weekend >= now()' at line 2 - Error doing select to db Unable to get current season week.
2015-09-12 03:06:40 : SQL: SELECT season, week from gameweekstbl 
WWHERE weekstart <= now() AND weekend >= now()
2015-09-12 03:06:43 : SQL error: You have an error in your SQL syntax; check the manual that corresponds to your MariaDB server version for the right syntax to use near 'weekstart <= now() AND weekend >= now()' at line 2 - Error doing select to db Unable to get current season week.
2015-09-12 03:06:43 : SQL: SELECT season, week from gameweekstbl 
WWHERE weekstart <= now() AND weekend >= now()
2015-09-12 03:07:16 : SQL error: You have an error in your SQL syntax; check the manual that corresponds to your MariaDB server version for the right syntax to use near 'weekstart <= now() AND weekend >= now()' at line 2 - Error doing select to db Unable to get current season week.
2015-09-12 03:07:16 : SQL: SELECT season, week from gameweekstbl 
WWHERE weekstart <= now() AND weekend >= now()
2015-09-12 03:08:04 : SQL error: You have an error in your SQL syntax; check the manual that corresponds to your MariaDB server version for the right syntax to use near 'weekstart <= now() AND weekend >= now()' at line 2 - Error doing select to db Unable to get current season week.
2015-09-12 03:08:04 : SQL: SELECT season, week from gameweekstbl 
WWHERE weekstart <= now() AND weekend >= now()
2015-09-12 03:08:44 : SQL error: You have an error in your SQL syntax; check the manual that corresponds to your MariaDB server version for the right syntax to use near 'weekstart <= now() AND weekend >= now()' at line 2 - Error doing select to db Unable to get current season week.
2015-09-12 03:08:44 : SQL: SELECT season, week from gameweekstbl 
WWHERE weekstart <= now() AND weekend >= now()
2015-09-12 03:09:27 : SQL error: You have an error in your SQL syntax; check the manual that corresponds to your MariaDB server version for the right syntax to use near 'weekstart <= now() AND weekend >= now()' at line 2 - Error doing select to db Unable to get current season week.
2015-09-12 03:09:27 : SQL: SELECT season, week from gameweekstbl 
WWHERE weekstart <= now() AND weekend >= now()
2015-09-12 03:37:20 : SQL error: You have an error in your SQL syntax; check the manual that corresponds to your MariaDB server version for the right syntax to use near 'weekstart <= now() AND weekend >= now()' at line 2 - Error doing select to db Unable to get current season week.
2015-09-12 03:37:20 : SQL: SELECT season, week from gameweekstbl 
WWHERE weekstart <= now() AND weekend >= now()
2015-09-12 03:37:35 : SQL error: You have an error in your SQL syntax; check the manual that corresponds to your MariaDB server version for the right syntax to use near 'weekstart <= now() AND weekend >= now()' at line 2 - Error doing select to db Unable to get current season week.
2015-09-12 03:37:35 : SQL: SELECT season, week from gameweekstbl 
WWHERE weekstart <= now() AND weekend >= now()
2015-09-12 03:40:26 : SQL error: You have an error in your SQL syntax; check the manual that corresponds to your MariaDB server version for the right syntax to use near 'weekstart <= now() AND weekend >= now()' at line 2 - Error doing select to db Unable to get current season week.
2015-09-12 03:40:26 : SQL: SELECT season, week from gameweekstbl 
WWHERE weekstart <= now() AND weekend >= now()
2015-09-12 03:41:54 : SQL error: You have an error in your SQL syntax; check the manual that corresponds to your MariaDB server version for the right syntax to use near 'weekstart <= now() AND weekend >= now()' at line 2 - Error doing select to db Unable to get current season week.
2015-09-12 03:41:54 : SQL: SELECT season, week from gameweekstbl 
WWHERE weekstart <= now() AND weekend >= now()
2015-09-12 03:41:59 : SQL error: You have an error in your SQL syntax; check the manual that corresponds to your MariaDB server version for the right syntax to use near 'weekstart <= now() AND weekend >= now()' at line 2 - Error doing select to db Unable to get current season week.
2015-09-12 03:41:59 : SQL: SELECT season, week from gameweekstbl 
WWHERE weekstart <= now() AND weekend >= now()
2015-09-12 03:42:16 : SQL error: You have an error in your SQL syntax; check the manual that corresponds to your MariaDB server version for the right syntax to use near 'weekstart <= now() AND weekend >= now()' at line 2 - Error doing select to db Unable to get current season week.
2015-09-12 03:42:16 : SQL: SELECT season, week from gameweekstbl 
WWHERE weekstart <= now() AND weekend >= now()
2015-09-12 03:44:28 : SQL error: You have an error in your SQL syntax; check the manual that corresponds to your MariaDB server version for the right syntax to use near 'weekstart <= now() AND weekend >= now()' at line 2 - Error doing select to db Unable to get current season week.
2015-09-12 03:44:28 : SQL: SELECT season, week from gameweekstbl 
WWHERE weekstart <= now() AND weekend >= now()
2015-09-12 03:46:43 : SQL error: You have an error in your SQL syntax; check the manual that corresponds to your MariaDB server version for the right syntax to use near 'weekstart <= now() AND weekend >= now()' at line 2 - Error doing select to db Unable to get current season week.
2015-09-12 03:46:43 : SQL: SELECT season, week from gameweekstbl 
WWHERE weekstart <= now() AND weekend >= now()
2015-09-12 03:54:30 : SQL error: You have an error in your SQL syntax; check the manual that corresponds to your MariaDB server version for the right syntax to use near 'weekstart <= now() AND weekend >= now()' at line 2 - Error doing select to db Unable to get current season week.
2015-09-12 03:54:30 : SQL: SELECT season, week from gameweekstbl 
WWHERE weekstart <= now() AND weekend >= now()
2015-09-12 07:36:45 : SQL error: You have an error in your SQL syntax; check the manual that corresponds to your MariaDB server version for the right syntax to use near 'weekstart <= now() AND weekend >= now()' at line 2 - Error doing select to db Unable to get current season week.
2015-09-12 07:36:45 : SQL: SELECT season, week from gameweekstbl 
WWHERE weekstart <= now() AND weekend >= now()
2015-09-12 10:24:09 : SQL error: You have an error in your SQL syntax; check the manual that corresponds to your MariaDB server version for the right syntax to use near 'weekstart <= now() AND weekend >= now()' at line 2 - Error doing select to db Unable to get current season week.
2015-09-12 10:24:09 : SQL: SELECT season, week from gameweekstbl 
WWHERE weekstart <= now() AND weekend >= now()
2015-09-12 10:33:55 : SQL error: You have an error in your SQL syntax; check the manual that corresponds to your MariaDB server version for the right syntax to use near 'weekstart <= now() AND weekend >= now()' at line 2 - Error doing select to db Unable to get current season week.
2015-09-12 10:33:55 : SQL: SELECT season, week from gameweekstbl 
WWHERE weekstart <= now() AND weekend >= now()
2015-09-12 12:34:20 : SQL error: You have an error in your SQL syntax; check the manual that corresponds to your MariaDB server version for the right syntax to use near 'weekstart <= now() AND weekend >= now()' at line 2 - Error doing select to db Unable to get current season week.
2015-09-12 12:34:20 : SQL: SELECT season, week from gameweekstbl 
WWHERE weekstart <= now() AND weekend >= now()
2015-09-12 12:39:37 : SQL error: You have an error in your SQL syntax; check the manual that corresponds to your MariaDB server version for the right syntax to use near 'weekstart <= now() AND weekend >= now()' at line 2 - Error doing select to db Unable to get current season week.
2015-09-12 12:39:37 : SQL: SELECT season, week from gameweekstbl 
WWHERE weekstart <= now() AND weekend >= now()
2015-09-12 12:41:54 : SQL error: You have an error in your SQL syntax; check the manual that corresponds to your MariaDB server version for the right syntax to use near 'weekstart <= now() AND weekend >= now()' at line 2 - Error doing select to db Unable to get current season week.
2015-09-12 12:41:54 : SQL: SELECT season, week from gameweekstbl 
WWHERE weekstart <= now() AND weekend >= now()
2015-09-12 12:45:37 : SQL error: You have an error in your SQL syntax; check the manual that corresponds to your MariaDB server version for the right syntax to use near 'weekstart <= now() AND weekend >= now()' at line 2 - Error doing select to db Unable to get current season week.
2015-09-12 12:45:37 : SQL: SELECT season, week from gameweekstbl 
WWHERE weekstart <= now() AND weekend >= now()
2015-09-12 12:47:03 : SQL error: You have an error in your SQL syntax; check the manual that corresponds to your MariaDB server version for the right syntax to use near 'weekstart <= now() AND weekend >= now()' at line 2 - Error doing select to db Unable to get current season week.
2015-09-12 12:47:03 : SQL: SELECT season, week from gameweekstbl 
WWHERE weekstart <= now() AND weekend >= now()
2015-09-12 12:47:04 : SQL error: You have an error in your SQL syntax; check the manual that corresponds to your MariaDB server version for the right syntax to use near 'weekstart <= now() AND weekend >= now()' at line 2 - Error doing select to db Unable to get current season week.
2015-09-12 12:47:04 : SQL: SELECT season, week from gameweekstbl 
WWHERE weekstart <= now() AND weekend >= now()
2015-09-12 12:47:05 : SQL error: You have an error in your SQL syntax; check the manual that corresponds to your MariaDB server version for the right syntax to use near 'weekstart <= now() AND weekend >= now()' at line 2 - Error doing select to db Unable to get current season week.
2015-09-12 12:47:05 : SQL: SELECT season, week from gameweekstbl 
WWHERE weekstart <= now() AND weekend >= now()
2015-09-12 14:23:06 : SQL error: You have an error in your SQL syntax; check the manual that corresponds to your MariaDB server version for the right syntax to use near 'weekstart <= now() AND weekend >= now()' at line 2 - Error doing select to db Unable to get current season week.
2015-09-12 14:23:06 : SQL: SELECT season, week from gameweekstbl 
WWHERE weekstart <= now() AND weekend >= now()
2015-09-12 16:32:46 : SQL error: You have an error in your SQL syntax; check the manual that corresponds to your MariaDB server version for the right syntax to use near 'weekstart <= now() AND weekend >= now()' at line 2 - Error doing select to db Unable to get current season week.
2015-09-12 16:32:46 : SQL: SELECT season, week from gameweekstbl 
WWHERE weekstart <= now() AND weekend >= now()
2015-09-12 16:49:36 : SQL error: You have an error in your SQL syntax; check the manual that corresponds to your MariaDB server version for the right syntax to use near 'weekstart <= now() AND weekend >= now()' at line 2 - Error doing select to db Unable to get current season week.
2015-09-12 16:49:36 : SQL: SELECT season, week from gameweekstbl 
WWHERE weekstart <= now() AND weekend >= now()
2015-09-12 16:50:04 : SQL error: You have an error in your SQL syntax; check the manual that corresponds to your MariaDB server version for the right syntax to use near 'weekstart <= now() AND weekend >= now()' at line 2 - Error doing select to db Unable to get current season week.
2015-09-12 16:50:04 : SQL: SELECT season, week from gameweekstbl 
WWHERE weekstart <= now() AND weekend >= now()
2015-09-12 16:54:36 : SQL error: You have an error in your SQL syntax; check the manual that corresponds to your MariaDB server version for the right syntax to use near 'weekstart <= now() AND weekend >= now()' at line 2 - Error doing select to db Unable to get current season week.
2015-09-12 16:54:36 : SQL: SELECT season, week from gameweekstbl 
WWHERE weekstart <= now() AND weekend >= now()
2015-09-12 17:00:26 : SQL error: You have an error in your SQL syntax; check the manual that corresponds to your MariaDB server version for the right syntax to use near 'weekstart <= now() AND weekend >= now()' at line 2 - Error doing select to db Unable to get current season week.
2015-09-12 17:00:26 : SQL: SELECT season, week from gameweekstbl 
WWHERE weekstart <= now() AND weekend >= now()
2015-09-12 17:02:23 : SQL error: You have an error in your SQL syntax; check the manual that corresponds to your MariaDB server version for the right syntax to use near 'weekstart <= now() AND weekend >= now()' at line 2 - Error doing select to db Unable to get current season week.
2015-09-12 17:02:23 : SQL: SELECT season, week from gameweekstbl 
WWHERE weekstart <= now() AND weekend >= now()
2015-09-12 17:13:25 : SQL error: You have an error in your SQL syntax; check the manual that corresponds to your MariaDB server version for the right syntax to use near 'weekstart <= now() AND weekend >= now()' at line 2 - Error doing select to db Unable to get current season week.
2015-09-12 17:13:25 : SQL: SELECT season, week from gameweekstbl 
WWHERE weekstart <= now() AND weekend >= now()
2015-09-12 17:17:21 : SQL error: You have an error in your SQL syntax; check the manual that corresponds to your MariaDB server version for the right syntax to use near 'weekstart <= now() AND weekend >= now()' at line 2 - Error doing select to db Unable to get current season week.
2015-09-12 17:17:21 : SQL: SELECT season, week from gameweekstbl 
WWHERE weekstart <= now() AND weekend >= now()
2015-09-12 17:59:20 : SQL error: You have an error in your SQL syntax; check the manual that corresponds to your MariaDB server version for the right syntax to use near 'weekstart <= now() AND weekend >= now()' at line 2 - Error doing select to db Unable to get current season week.
2015-09-12 17:59:20 : SQL: SELECT season, week from gameweekstbl 
WWHERE weekstart <= now() AND weekend >= now()
2015-09-12 18:03:24 : SQL error: You have an error in your SQL syntax; check the manual that corresponds to your MariaDB server version for the right syntax to use near 'weekstart <= now() AND weekend >= now()' at line 2 - Error doing select to db Unable to get current season week.
2015-09-12 18:03:24 : SQL: SELECT season, week from gameweekstbl 
WWHERE weekstart <= now() AND weekend >= now()
2015-09-12 18:14:47 : SQL error: You have an error in your SQL syntax; check the manual that corresponds to your MariaDB server version for the right syntax to use near 'weekstart <= now() AND weekend >= now()' at line 2 - Error doing select to db Unable to get current season week.
2015-09-12 18:14:47 : SQL: SELECT season, week from gameweekstbl 
WWHERE weekstart <= now() AND weekend >= now()
2015-09-12 18:14:52 : SQL error: You have an error in your SQL syntax; check the manual that corresponds to your MariaDB server version for the right syntax to use near 'weekstart <= now() AND weekend >= now()' at line 2 - Error doing select to db Unable to get current season week.
2015-09-12 18:14:52 : SQL: SELECT season, week from gameweekstbl 
WWHERE weekstart <= now() AND weekend >= now()
2015-09-12 18:14:57 : SQL error: You have an error in your SQL syntax; check the manual that corresponds to your MariaDB server version for the right syntax to use near 'weekstart <= now() AND weekend >= now()' at line 2 - Error doing select to db Unable to get current season week.
2015-09-12 18:14:57 : SQL: SELECT season, week from gameweekstbl 
WWHERE weekstart <= now() AND weekend >= now()
2015-09-12 18:16:11 : SQL error: You have an error in your SQL syntax; check the manual that corresponds to your MariaDB server version for the right syntax to use near 'weekstart <= now() AND weekend >= now()' at line 2 - Error doing select to db Unable to get current season week.
2015-09-12 18:16:11 : SQL: SELECT season, week from gameweekstbl 
WWHERE weekstart <= now() AND weekend >= now()
2015-09-12 18:29:51 : SQL error: You have an error in your SQL syntax; check the manual that corresponds to your MariaDB server version for the right syntax to use near 'weekstart <= now() AND weekend >= now()' at line 2 - Error doing select to db Unable to get current season week.
2015-09-12 18:29:51 : SQL: SELECT season, week from gameweekstbl 
WWHERE weekstart <= now() AND weekend >= now()
2015-09-12 18:30:49 : SQL error: You have an error in your SQL syntax; check the manual that corresponds to your MariaDB server version for the right syntax to use near 'weekstart <= now() AND weekend >= now()' at line 2 - Error doing select to db Unable to get current season week.
2015-09-12 18:30:49 : SQL: SELECT season, week from gameweekstbl 
WWHERE weekstart <= now() AND weekend >= now()
2015-09-12 18:48:44 : SQL error: You have an error in your SQL syntax; check the manual that corresponds to your MariaDB server version for the right syntax to use near 'weekstart <= now() AND weekend >= now()' at line 2 - Error doing select to db Unable to get current season week.
2015-09-12 18:48:44 : SQL: SELECT season, week from gameweekstbl 
WWHERE weekstart <= now() AND weekend >= now()
2015-09-12 18:48:50 : SQL error: You have an error in your SQL syntax; check the manual that corresponds to your MariaDB server version for the right syntax to use near 'weekstart <= now() AND weekend >= now()' at line 2 - Error doing select to db Unable to get current season week.
2015-09-12 18:48:50 : SQL: SELECT season, week from gameweekstbl 
WWHERE weekstart <= now() AND weekend >= now()
2015-09-12 18:48:54 : SQL error: You have an error in your SQL syntax; check the manual that corresponds to your MariaDB server version for the right syntax to use near 'weekstart <= now() AND weekend >= now()' at line 2 - Error doing select to db Unable to get current season week.
2015-09-12 18:48:54 : SQL: SELECT season, week from gameweekstbl 
WWHERE weekstart <= now() AND weekend >= now()
2015-09-12 18:49:21 : SQL error: You have an error in your SQL syntax; check the manual that corresponds to your MariaDB server version for the right syntax to use near 'weekstart <= now() AND weekend >= now()' at line 2 - Error doing select to db Unable to get current season week.
2015-09-12 18:49:21 : SQL: SELECT season, week from gameweekstbl 
WWHERE weekstart <= now() AND weekend >= now()
2015-09-12 18:54:33 : SQL error: You have an error in your SQL syntax; check the manual that corresponds to your MariaDB server version for the right syntax to use near 'weekstart <= now() AND weekend >= now()' at line 2 - Error doing select to db Unable to get current season week.
2015-09-12 18:54:33 : SQL: SELECT season, week from gameweekstbl 
WWHERE weekstart <= now() AND weekend >= now()
2015-09-12 18:57:09 : SQL error: You have an error in your SQL syntax; check the manual that corresponds to your MariaDB server version for the right syntax to use near 'weekstart <= now() AND weekend >= now()' at line 2 - Error doing select to db Unable to get current season week.
2015-09-12 18:57:09 : SQL: SELECT season, week from gameweekstbl 
WWHERE weekstart <= now() AND weekend >= now()
2015-09-12 19:05:15 : SQL error: You have an error in your SQL syntax; check the manual that corresponds to your MariaDB server version for the right syntax to use near 'weekstart <= now() AND weekend >= now()' at line 2 - Error doing select to db Unable to get current season week.
2015-09-12 19:05:15 : SQL: SELECT season, week from gameweekstbl 
WWHERE weekstart <= now() AND weekend >= now()
2015-09-12 19:15:38 : SQL error: You have an error in your SQL syntax; check the manual that corresponds to your MariaDB server version for the right syntax to use near 'weekstart <= now() AND weekend >= now()' at line 2 - Error doing select to db Unable to get current season week.
2015-09-12 19:15:38 : SQL: SELECT season, week from gameweekstbl 
WWHERE weekstart <= now() AND weekend >= now()
2015-09-12 19:37:55 : SQL error: You have an error in your SQL syntax; check the manual that corresponds to your MariaDB server version for the right syntax to use near 'weekstart <= now() AND weekend >= now()' at line 2 - Error doing select to db Unable to get current season week.
2015-09-12 19:37:55 : SQL: SELECT season, week from gameweekstbl 
WWHERE weekstart <= now() AND weekend >= now()
2015-09-12 19:41:12 : SQL error: You have an error in your SQL syntax; check the manual that corresponds to your MariaDB server version for the right syntax to use near 'weekstart <= now() AND weekend >= now()' at line 2 - Error doing select to db Unable to get current season week.
2015-09-12 19:41:12 : SQL: SELECT season, week from gameweekstbl 
WWHERE weekstart <= now() AND weekend >= now()
2015-09-12 19:43:22 : SQL error: You have an error in your SQL syntax; check the manual that corresponds to your MariaDB server version for the right syntax to use near 'weekstart <= now() AND weekend >= now()' at line 2 - Error doing select to db Unable to get current season week.
2015-09-12 19:43:22 : SQL: SELECT season, week from gameweekstbl 
WWHERE weekstart <= now() AND weekend >= now()
2015-09-12 19:43:42 : SQL error: You have an error in your SQL syntax; check the manual that corresponds to your MariaDB server version for the right syntax to use near 'weekstart <= now() AND weekend >= now()' at line 2 - Error doing select to db Unable to get current season week.
2015-09-12 19:43:42 : SQL: SELECT season, week from gameweekstbl 
WWHERE weekstart <= now() AND weekend >= now()
2015-09-12 19:43:59 : SQL error: You have an error in your SQL syntax; check the manual that corresponds to your MariaDB server version for the right syntax to use near 'weekstart <= now() AND weekend >= now()' at line 2 - Error doing select to db Unable to get current season week.
2015-09-12 19:43:59 : SQL: SELECT season, week from gameweekstbl 
WWHERE weekstart <= now() AND weekend >= now()
2015-09-12 19:45:07 : SQL error: You have an error in your SQL syntax; check the manual that corresponds to your MariaDB server version for the right syntax to use near 'weekstart <= now() AND weekend >= now()' at line 2 - Error doing select to db Unable to get current season week.
2015-09-12 19:45:07 : SQL: SELECT season, week from gameweekstbl 
WWHERE weekstart <= now() AND weekend >= now()
2015-09-12 19:49:49 : SQL error: You have an error in your SQL syntax; check the manual that corresponds to your MariaDB server version for the right syntax to use near 'weekstart <= now() AND weekend >= now()' at line 2 - Error doing select to db Unable to get current season week.
2015-09-12 19:49:49 : SQL: SELECT season, week from gameweekstbl 
WWHERE weekstart <= now() AND weekend >= now()
2015-09-12 19:49:52 : SQL error: You have an error in your SQL syntax; check the manual that corresponds to your MariaDB server version for the right syntax to use near 'weekstart <= now() AND weekend >= now()' at line 2 - Error doing select to db Unable to get current season week.
2015-09-12 19:49:52 : SQL: SELECT season, week from gameweekstbl 
WWHERE weekstart <= now() AND weekend >= now()
2015-09-12 19:52:51 : SQL error: You have an error in your SQL syntax; check the manual that corresponds to your MariaDB server version for the right syntax to use near 'weekstart <= now() AND weekend >= now()' at line 2 - Error doing select to db Unable to get current season week.
2015-09-12 19:52:51 : SQL: SELECT season, week from gameweekstbl 
WWHERE weekstart <= now() AND weekend >= now()
2015-09-12 20:01:55 : SQL error: You have an error in your SQL syntax; check the manual that corresponds to your MariaDB server version for the right syntax to use near 'weekstart <= now() AND weekend >= now()' at line 2 - Error doing select to db Unable to get current season week.
2015-09-12 20:01:55 : SQL: SELECT season, week from gameweekstbl 
WWHERE weekstart <= now() AND weekend >= now()
2015-09-12 20:03:25 : SQL error: You have an error in your SQL syntax; check the manual that corresponds to your MariaDB server version for the right syntax to use near 'weekstart <= now() AND weekend >= now()' at line 2 - Error doing select to db Unable to get current season week.
2015-09-12 20:03:25 : SQL: SELECT season, week from gameweekstbl 
WWHERE weekstart <= now() AND weekend >= now()
2015-09-12 20:03:30 : SQL error: You have an error in your SQL syntax; check the manual that corresponds to your MariaDB server version for the right syntax to use near 'weekstart <= now() AND weekend >= now()' at line 2 - Error doing select to db Unable to get current season week.
2015-09-12 20:03:30 : SQL: SELECT season, week from gameweekstbl 
WWHERE weekstart <= now() AND weekend >= now()
2015-09-12 20:04:12 : SQL error: You have an error in your SQL syntax; check the manual that corresponds to your MariaDB server version for the right syntax to use near 'weekstart <= now() AND weekend >= now()' at line 2 - Error doing select to db Unable to get current season week.
2015-09-12 20:04:12 : SQL: SELECT season, week from gameweekstbl 
WWHERE weekstart <= now() AND weekend >= now()
2015-09-12 20:05:47 : SQL error: You have an error in your SQL syntax; check the manual that corresponds to your MariaDB server version for the right syntax to use near 'weekstart <= now() AND weekend >= now()' at line 2 - Error doing select to db Unable to get current season week.
2015-09-12 20:05:47 : SQL: SELECT season, week from gameweekstbl 
WWHERE weekstart <= now() AND weekend >= now()
2015-09-12 20:06:13 : SQL error: You have an error in your SQL syntax; check the manual that corresponds to your MariaDB server version for the right syntax to use near 'weekstart <= now() AND weekend >= now()' at line 2 - Error doing select to db Unable to get current season week.
2015-09-12 20:06:13 : SQL: SELECT season, week from gameweekstbl 
WWHERE weekstart <= now() AND weekend >= now()
2015-09-12 20:06:33 : SQL error: You have an error in your SQL syntax; check the manual that corresponds to your MariaDB server version for the right syntax to use near 'weekstart <= now() AND weekend >= now()' at line 2 - Error doing select to db Unable to get current season week.
2015-09-12 20:06:33 : SQL: SELECT season, week from gameweekstbl 
WWHERE weekstart <= now() AND weekend >= now()
2015-09-12 20:06:48 : SQL error: You have an error in your SQL syntax; check the manual that corresponds to your MariaDB server version for the right syntax to use near 'weekstart <= now() AND weekend >= now()' at line 2 - Error doing select to db Unable to get current season week.
2015-09-12 20:06:48 : SQL: SELECT season, week from gameweekstbl 
WWHERE weekstart <= now() AND weekend >= now()
2015-09-12 20:07:36 : SQL error: You have an error in your SQL syntax; check the manual that corresponds to your MariaDB server version for the right syntax to use near 'weekstart <= now() AND weekend >= now()' at line 2 - Error doing select to db Unable to get current season week.
2015-09-12 20:07:36 : SQL: SELECT season, week from gameweekstbl 
WWHERE weekstart <= now() AND weekend >= now()
2015-09-12 20:07:45 : SQL error: You have an error in your SQL syntax; check the manual that corresponds to your MariaDB server version for the right syntax to use near 'weekstart <= now() AND weekend >= now()' at line 2 - Error doing select to db Unable to get current season week.
2015-09-12 20:07:45 : SQL: SELECT season, week from gameweekstbl 
WWHERE weekstart <= now() AND weekend >= now()
2015-09-12 20:07:53 : SQL error: You have an error in your SQL syntax; check the manual that corresponds to your MariaDB server version for the right syntax to use near 'weekstart <= now() AND weekend >= now()' at line 2 - Error doing select to db Unable to get current season week.
2015-09-12 20:07:53 : SQL: SELECT season, week from gameweekstbl 
WWHERE weekstart <= now() AND weekend >= now()
2015-09-12 20:08:10 : SQL error: You have an error in your SQL syntax; check the manual that corresponds to your MariaDB server version for the right syntax to use near 'weekstart <= now() AND weekend >= now()' at line 2 - Error doing select to db Unable to get current season week.
2015-09-12 20:08:10 : SQL: SELECT season, week from gameweekstbl 
WWHERE weekstart <= now() AND weekend >= now()
2015-09-12 20:11:03 : SQL error: You have an error in your SQL syntax; check the manual that corresponds to your MariaDB server version for the right syntax to use near 'weekstart <= now() AND weekend >= now()' at line 2 - Error doing select to db Unable to get current season week.
2015-09-12 20:11:03 : SQL: SELECT season, week from gameweekstbl 
WWHERE weekstart <= now() AND weekend >= now()
2015-09-12 20:11:15 : SQL error: You have an error in your SQL syntax; check the manual that corresponds to your MariaDB server version for the right syntax to use near 'weekstart <= now() AND weekend >= now()' at line 2 - Error doing select to db Unable to get current season week.
2015-09-12 20:11:15 : SQL: SELECT season, week from gameweekstbl 
WWHERE weekstart <= now() AND weekend >= now()
2015-09-12 20:11:36 : SQL error: You have an error in your SQL syntax; check the manual that corresponds to your MariaDB server version for the right syntax to use near 'weekstart <= now() AND weekend >= now()' at line 2 - Error doing select to db Unable to get current season week.
2015-09-12 20:11:36 : SQL: SELECT season, week from gameweekstbl 
WWHERE weekstart <= now() AND weekend >= now()
2015-09-12 20:12:17 : SQL error: You have an error in your SQL syntax; check the manual that corresponds to your MariaDB server version for the right syntax to use near 'weekstart <= now() AND weekend >= now()' at line 2 - Error doing select to db Unable to get current season week.
2015-09-12 20:12:17 : SQL: SELECT season, week from gameweekstbl 
WWHERE weekstart <= now() AND weekend >= now()
2015-09-12 20:14:46 : SQL error: You have an error in your SQL syntax; check the manual that corresponds to your MariaDB server version for the right syntax to use near 'weekstart <= now() AND weekend >= now()' at line 2 - Error doing select to db Unable to get current season week.
2015-09-12 20:14:46 : SQL: SELECT season, week from gameweekstbl 
WWHERE weekstart <= now() AND weekend >= now()
2015-09-12 20:15:06 : SQL error: You have an error in your SQL syntax; check the manual that corresponds to your MariaDB server version for the right syntax to use near 'weekstart <= now() AND weekend >= now()' at line 2 - Error doing select to db Unable to get current season week.
2015-09-12 20:15:06 : SQL: SELECT season, week from gameweekstbl 
WWHERE weekstart <= now() AND weekend >= now()
2015-09-12 20:15:45 : SQL error: You have an error in your SQL syntax; check the manual that corresponds to your MariaDB server version for the right syntax to use near 'weekstart <= now() AND weekend >= now()' at line 2 - Error doing select to db Unable to get current season week.
2015-09-12 20:15:45 : SQL: SELECT season, week from gameweekstbl 
WWHERE weekstart <= now() AND weekend >= now()
2015-09-12 20:16:15 : SQL error: You have an error in your SQL syntax; check the manual that corresponds to your MariaDB server version for the right syntax to use near 'weekstart <= now() AND weekend >= now()' at line 2 - Error doing select to db Unable to get current season week.
2015-09-12 20:16:15 : SQL: SELECT season, week from gameweekstbl 
WWHERE weekstart <= now() AND weekend >= now()
2015-09-12 20:16:43 : SQL error: You have an error in your SQL syntax; check the manual that corresponds to your MariaDB server version for the right syntax to use near 'weekstart <= now() AND weekend >= now()' at line 2 - Error doing select to db Unable to get current season week.
2015-09-12 20:16:43 : SQL: SELECT season, week from gameweekstbl 
WWHERE weekstart <= now() AND weekend >= now()
2015-09-12 20:16:47 : SQL error: You have an error in your SQL syntax; check the manual that corresponds to your MariaDB server version for the right syntax to use near 'weekstart <= now() AND weekend >= now()' at line 2 - Error doing select to db Unable to get current season week.
2015-09-12 20:16:47 : SQL: SELECT season, week from gameweekstbl 
WWHERE weekstart <= now() AND weekend >= now()
2015-09-12 20:17:37 : SQL error: You have an error in your SQL syntax; check the manual that corresponds to your MariaDB server version for the right syntax to use near 'weekstart <= now() AND weekend >= now()' at line 2 - Error doing select to db Unable to get current season week.
2015-09-12 20:17:37 : SQL: SELECT season, week from gameweekstbl 
WWHERE weekstart <= now() AND weekend >= now()
2015-09-12 20:17:42 : SQL error: You have an error in your SQL syntax; check the manual that corresponds to your MariaDB server version for the right syntax to use near 'weekstart <= now() AND weekend >= now()' at line 2 - Error doing select to db Unable to get current season week.
2015-09-12 20:17:42 : SQL: SELECT season, week from gameweekstbl 
WWHERE weekstart <= now() AND weekend >= now()
2015-09-12 20:22:02 : SQL error: You have an error in your SQL syntax; check the manual that corresponds to your MariaDB server version for the right syntax to use near 'weekstart <= now() AND weekend >= now()' at line 2 - Error doing select to db Unable to get current season week.
2015-09-12 20:22:02 : SQL: SELECT season, week from gameweekstbl 
WWHERE weekstart <= now() AND weekend >= now()
2015-09-12 20:22:09 : SQL error: You have an error in your SQL syntax; check the manual that corresponds to your MariaDB server version for the right syntax to use near 'weekstart <= now() AND weekend >= now()' at line 2 - Error doing select to db Unable to get current season week.
2015-09-12 20:22:09 : SQL: SELECT season, week from gameweekstbl 
WWHERE weekstart <= now() AND weekend >= now()
2015-09-12 20:22:48 : SQL error: You have an error in your SQL syntax; check the manual that corresponds to your MariaDB server version for the right syntax to use near 'weekstart <= now() AND weekend >= now()' at line 2 - Error doing select to db Unable to get current season week.
2015-09-12 20:22:48 : SQL: SELECT season, week from gameweekstbl 
WWHERE weekstart <= now() AND weekend >= now()
2015-09-12 20:23:33 : SQL error: You have an error in your SQL syntax; check the manual that corresponds to your MariaDB server version for the right syntax to use near 'weekstart <= now() AND weekend >= now()' at line 2 - Error doing select to db Unable to get current season week.
2015-09-12 20:23:33 : SQL: SELECT season, week from gameweekstbl 
WWHERE weekstart <= now() AND weekend >= now()
2015-09-12 20:24:07 : SQL error: You have an error in your SQL syntax; check the manual that corresponds to your MariaDB server version for the right syntax to use near 'weekstart <= now() AND weekend >= now()' at line 2 - Error doing select to db Unable to get current season week.
2015-09-12 20:24:07 : SQL: SELECT season, week from gameweekstbl 
WWHERE weekstart <= now() AND weekend >= now()
2015-09-12 20:24:28 : SQL error: You have an error in your SQL syntax; check the manual that corresponds to your MariaDB server version for the right syntax to use near 'weekstart <= now() AND weekend >= now()' at line 2 - Error doing select to db Unable to get current season week.
2015-09-12 20:24:28 : SQL: SELECT season, week from gameweekstbl 
WWHERE weekstart <= now() AND weekend >= now()
2015-09-12 20:24:45 : SQL error: You have an error in your SQL syntax; check the manual that corresponds to your MariaDB server version for the right syntax to use near 'weekstart <= now() AND weekend >= now()' at line 2 - Error doing select to db Unable to get current season week.
2015-09-12 20:24:45 : SQL: SELECT season, week from gameweekstbl 
WWHERE weekstart <= now() AND weekend >= now()
2015-09-12 20:25:20 : SQL error: You have an error in your SQL syntax; check the manual that corresponds to your MariaDB server version for the right syntax to use near 'weekstart <= now() AND weekend >= now()' at line 2 - Error doing select to db Unable to get current season week.
2015-09-12 20:25:20 : SQL: SELECT season, week from gameweekstbl 
WWHERE weekstart <= now() AND weekend >= now()
2015-09-12 20:33:36 : SQL error: You have an error in your SQL syntax; check the manual that corresponds to your MariaDB server version for the right syntax to use near 'weekstart <= now() AND weekend >= now()' at line 2 - Error doing select to db Unable to get current season week.
2015-09-12 20:33:36 : SQL: SELECT season, week from gameweekstbl 
WWHERE weekstart <= now() AND weekend >= now()
2015-09-12 20:40:47 : SQL error: You have an error in your SQL syntax; check the manual that corresponds to your MariaDB server version for the right syntax to use near 'weekstart <= now() AND weekend >= now()' at line 2 - Error doing select to db Unable to get current season week.
2015-09-12 20:40:47 : SQL: SELECT season, week from gameweekstbl 
WWHERE weekstart <= now() AND weekend >= now()
2015-09-12 20:43:10 : SQL error: You have an error in your SQL syntax; check the manual that corresponds to your MariaDB server version for the right syntax to use near 'weekstart <= now() AND weekend >= now()' at line 2 - Error doing select to db Unable to get current season week.
2015-09-12 20:43:10 : SQL: SELECT season, week from gameweekstbl 
WWHERE weekstart <= now() AND weekend >= now()
2015-09-12 21:00:17 : SQL error: You have an error in your SQL syntax; check the manual that corresponds to your MariaDB server version for the right syntax to use near 'weekstart <= now() AND weekend >= now()' at line 2 - Error doing select to db Unable to get current season week.
2015-09-12 21:00:17 : SQL: SELECT season, week from gameweekstbl 
WWHERE weekstart <= now() AND weekend >= now()
2015-09-12 21:01:38 : SQL error: You have an error in your SQL syntax; check the manual that corresponds to your MariaDB server version for the right syntax to use near 'weekstart <= now() AND weekend >= now()' at line 2 - Error doing select to db Unable to get current season week.
2015-09-12 21:01:38 : SQL: SELECT season, week from gameweekstbl 
WWHERE weekstart <= now() AND weekend >= now()
2015-09-12 21:01:50 : SQL error: You have an error in your SQL syntax; check the manual that corresponds to your MariaDB server version for the right syntax to use near 'weekstart <= now() AND weekend >= now()' at line 2 - Error doing select to db Unable to get current season week.
2015-09-12 21:01:50 : SQL: SELECT season, week from gameweekstbl 
WWHERE weekstart <= now() AND weekend >= now()
2015-09-12 21:21:06 : SQL error: You have an error in your SQL syntax; check the manual that corresponds to your MariaDB server version for the right syntax to use near 'weekstart <= now() AND weekend >= now()' at line 2 - Error doing select to db Unable to get current season week.
2015-09-12 21:21:06 : SQL: SELECT season, week from gameweekstbl 
WWHERE weekstart <= now() AND weekend >= now()
2015-09-12 21:34:21 : SQL error: You have an error in your SQL syntax; check the manual that corresponds to your MariaDB server version for the right syntax to use near 'weekstart <= now() AND weekend >= now()' at line 2 - Error doing select to db Unable to get current season week.
2015-09-12 21:34:21 : SQL: SELECT season, week from gameweekstbl 
WWHERE weekstart <= now() AND weekend >= now()
2015-09-12 22:38:22 : SQL error: You have an error in your SQL syntax; check the manual that corresponds to your MariaDB server version for the right syntax to use near 'weekstart <= now() AND weekend >= now()' at line 2 - Error doing select to db Unable to get current season week.
2015-09-12 22:38:22 : SQL: SELECT season, week from gameweekstbl 
WWHERE weekstart <= now() AND weekend >= now()
2015-09-12 22:48:01 : SQL error: You have an error in your SQL syntax; check the manual that corresponds to your MariaDB server version for the right syntax to use near 'weekstart <= now() AND weekend >= now()' at line 2 - Error doing select to db Unable to get current season week.
2015-09-12 22:48:01 : SQL: SELECT season, week from gameweekstbl 
WWHERE weekstart <= now() AND weekend >= now()
2015-09-12 22:54:15 : SQL error: You have an error in your SQL syntax; check the manual that corresponds to your MariaDB server version for the right syntax to use near 'weekstart <= now() AND weekend >= now()' at line 2 - Error doing select to db Unable to get current season week.
2015-09-12 22:54:15 : SQL: SELECT season, week from gameweekstbl 
WWHERE weekstart <= now() AND weekend >= now()
2015-09-12 22:55:45 : SQL error: You have an error in your SQL syntax; check the manual that corresponds to your MariaDB server version for the right syntax to use near 'weekstart <= now() AND weekend >= now()' at line 2 - Error doing select to db Unable to get current season week.
2015-09-12 22:55:45 : SQL: SELECT season, week from gameweekstbl 
WWHERE weekstart <= now() AND weekend >= now()
2015-09-12 23:07:45 : SQL error: You have an error in your SQL syntax; check the manual that corresponds to your MariaDB server version for the right syntax to use near 'weekstart <= now() AND weekend >= now()' at line 2 - Error doing select to db Unable to get current season week.
2015-09-12 23:07:45 : SQL: SELECT season, week from gameweekstbl 
WWHERE weekstart <= now() AND weekend >= now()
2015-09-12 23:10:34 : SQL error: You have an error in your SQL syntax; check the manual that corresponds to your MariaDB server version for the right syntax to use near 'weekstart <= now() AND weekend >= now()' at line 2 - Error doing select to db Unable to get current season week.
2015-09-12 23:10:34 : SQL: SELECT season, week from gameweekstbl 
WWHERE weekstart <= now() AND weekend >= now()
